<?xml version="1.0" encoding="UTF-8"?>
<robot generator="Robot 3.2.2 (Python 3.9.1 on darwin)" generated="20210419 22:45:43.623" rpa="false">
<suite id="s1" name="AddNewEventTest" source="/Users/trinhtran/Desktop/iOSPasswordRobotTest/AddNewEventTest.robot">
<test id="s1-t1" name="Add New Password">
<kw name="Open Application" library="AppiumLibrary">
<doc>Opens a new application to given Appium server.
Capabilities of appium server, Android and iOS,
Please check https://github.com/appium/appium/blob/master/docs/en/writing-running-appium/server-args.md
| *Option*            | *Man.* | *Description*     |
| remote_url          | Yes    | Appium server url |
| alias               | no     | alias             |</doc>
<arguments>
<arg>http://localhost:4723/wd/hub</arg>
<arg>platformName=iOS</arg>
<arg>deviceName=iPhone 12 Pro</arg>
<arg>automationName=XCUITest</arg>
<arg>app=//Users//trinhtran//Desktop//Passwords.app</arg>
</arguments>
<status status="PASS" starttime="20210419 22:45:43.805" endtime="20210419 22:45:48.669"></status>
</kw>
<kw name="Wait Until Page Contains Element" library="AppiumLibrary">
<doc>Waits until element specified with `locator` appears on current page.</doc>
<arguments>
<arg>${add-button}</arg>
</arguments>
<status status="PASS" starttime="20210419 22:45:48.670" endtime="20210419 22:45:48.812"></status>
</kw>
<kw name="Click Element" library="AppiumLibrary">
<doc>Click element identified by `locator`.</doc>
<arguments>
<arg>${add-button}</arg>
</arguments>
<msg timestamp="20210419 22:45:48.814" level="INFO">Clicking element 'xpath=//XCUIElementTypeButton[@name="Add"]'.</msg>
<status status="PASS" starttime="20210419 22:45:48.813" endtime="20210419 22:45:49.225"></status>
</kw>
<kw name="Page Should Contain Element" library="AppiumLibrary">
<doc>Verifies that current page contains `locator` element.</doc>
<arguments>
<arg>${new-navbar}</arg>
</arguments>
<msg timestamp="20210419 22:45:49.816" level="INFO">Current page contains element 'xpath=//XCUIElementTypeStaticText[@name="New"]'.</msg>
<status status="PASS" starttime="20210419 22:45:49.225" endtime="20210419 22:45:49.817"></status>
</kw>
<kw name="Input Text" library="AppiumLibrary">
<doc>Types the given `text` into text field identified by `locator`.</doc>
<arguments>
<arg>${application-name-input-field}</arg>
<arg>Github</arg>
</arguments>
<msg timestamp="20210419 22:45:49.818" level="INFO">Typing text 'Github' into text field 'xpath=//XCUIElementTypeApplication[@name="Passwords"]/XCUIElementTypeWindow[1]/XCUIElementTypeOther/XCUIElementTypeOther/XCUIElementTypeOther/XCUIElementTypeOther/XCUIElementTypeTable/XCUIElementTypeCell[1]'</msg>
<status status="PASS" starttime="20210419 22:45:49.817" endtime="20210419 22:45:50.379"></status>
</kw>
<kw name="Input Text" library="AppiumLibrary">
<doc>Types the given `text` into text field identified by `locator`.</doc>
<arguments>
<arg>${username-input-field}</arg>
<arg>bigsugar</arg>
</arguments>
<msg timestamp="20210419 22:45:50.381" level="INFO">Typing text 'bigsugar' into text field 'xpath=//XCUIElementTypeApplication[@name="Passwords"]/XCUIElementTypeWindow[1]/XCUIElementTypeOther/XCUIElementTypeOther/XCUIElementTypeOther/XCUIElementTypeOther/XCUIElementTypeTable/XCUIElementTypeCell[2]/XCUIElementTypeOther[1]/XCUIElementTypeOther'</msg>
<status status="PASS" starttime="20210419 22:45:50.380" endtime="20210419 22:45:51.602"></status>
</kw>
<kw name="Input Text" library="AppiumLibrary">
<doc>Types the given `text` into text field identified by `locator`.</doc>
<arguments>
<arg>${PASSWORD-INPUT-FIELD}</arg>
<arg>123456</arg>
</arguments>
<msg timestamp="20210419 22:45:51.603" level="INFO">Typing text '123456' into text field 'xpath=//XCUIElementTypeApplication[@name="Passwords"]/XCUIElementTypeWindow[1]/XCUIElementTypeOther/XCUIElementTypeOther/XCUIElementTypeOther/XCUIElementTypeOther/XCUIElementTypeTable/XCUIElementTypeCell[3]'</msg>
<status status="PASS" starttime="20210419 22:45:51.602" endtime="20210419 22:45:52.802"></status>
</kw>
<kw name="Page Should Contain Element" library="AppiumLibrary">
<doc>Verifies that current page contains `locator` element.</doc>
<arguments>
<arg>${save-button}</arg>
</arguments>
<msg timestamp="20210419 22:45:53.488" level="INFO">Current page contains element 'xpath=//XCUIElementTypeButton[@name="Save"]'.</msg>
<status status="PASS" starttime="20210419 22:45:52.803" endtime="20210419 22:45:53.488"></status>
</kw>
<kw name="Click Element" library="AppiumLibrary">
<doc>Click element identified by `locator`.</doc>
<arguments>
<arg>${save-button}</arg>
</arguments>
<msg timestamp="20210419 22:45:53.489" level="INFO">Clicking element 'xpath=//XCUIElementTypeButton[@name="Save"]'.</msg>
<status status="PASS" starttime="20210419 22:45:53.488" endtime="20210419 22:45:54.390"></status>
</kw>
<kw name="Wait Until Page Contains Element" library="AppiumLibrary">
<doc>Waits until element specified with `locator` appears on current page.</doc>
<arguments>
<arg>${FIRST-ITEM}</arg>
</arguments>
<status status="PASS" starttime="20210419 22:45:54.390" endtime="20210419 22:45:55.795"></status>
</kw>
<status status="PASS" starttime="20210419 22:45:43.804" endtime="20210419 22:45:55.795" critical="yes"></status>
</test>
<test id="s1-t2" name="Check First Item Content">
<kw name="Click Element" library="AppiumLibrary">
<doc>Click element identified by `locator`.</doc>
<arguments>
<arg>${first-item}</arg>
</arguments>
<msg timestamp="20210419 22:45:55.797" level="INFO">Clicking element 'xpath=//XCUIElementTypeApplication[@name="Passwords"]/XCUIElementTypeWindow[1]/XCUIElementTypeOther/XCUIElementTypeOther/XCUIElementTypeOther/XCUIElementTypeOther/XCUIElementTypeOther/XCUIElementTypeOther/XCUIElementTypeTable/XCUIElementTypeCell/XCUIElementTypeOther[2]/XCUIElementTypeOther'.</msg>
<status status="PASS" starttime="20210419 22:45:55.796" endtime="20210419 22:45:56.249"></status>
</kw>
<kw name="Wait Until Page Contains" library="AppiumLibrary">
<doc>Waits until `text` appears on current page.</doc>
<arguments>
<arg>bigsugar</arg>
</arguments>
<status status="PASS" starttime="20210419 22:45:56.249" endtime="20210419 22:45:56.978"></status>
</kw>
<kw name="Click Element" library="AppiumLibrary">
<doc>Click element identified by `locator`.</doc>
<arguments>
<arg>${back-to-application-button}</arg>
</arguments>
<msg timestamp="20210419 22:45:56.980" level="INFO">Clicking element 'xpath=//XCUIElementTypeButton[@name="Applications"]'.</msg>
<status status="PASS" starttime="20210419 22:45:56.979" endtime="20210419 22:45:57.382"></status>
</kw>
<status status="PASS" starttime="20210419 22:45:55.796" endtime="20210419 22:45:57.383" critical="yes"></status>
</test>
<test id="s1-t3" name="Add Second Item">
<kw name="Click Element" library="AppiumLibrary">
<doc>Click element identified by `locator`.</doc>
<arguments>
<arg>${add-button}</arg>
</arguments>
<msg timestamp="20210419 22:45:57.385" level="INFO">Clicking element 'xpath=//XCUIElementTypeButton[@name="Add"]'.</msg>
<status status="PASS" starttime="20210419 22:45:57.383" endtime="20210419 22:45:58.075"></status>
</kw>
<kw name="Page Should Contain Element" library="AppiumLibrary">
<doc>Verifies that current page contains `locator` element.</doc>
<arguments>
<arg>${new-navbar}</arg>
</arguments>
<msg timestamp="20210419 22:45:58.711" level="INFO">Current page contains element 'xpath=//XCUIElementTypeStaticText[@name="New"]'.</msg>
<status status="PASS" starttime="20210419 22:45:58.075" endtime="20210419 22:45:58.711"></status>
</kw>
<kw name="Input Text" library="AppiumLibrary">
<doc>Types the given `text` into text field identified by `locator`.</doc>
<arguments>
<arg>${application-name-input-field}</arg>
<arg>Stack Overflow</arg>
</arguments>
<msg timestamp="20210419 22:45:58.712" level="INFO">Typing text 'Stack Overflow' into text field 'xpath=//XCUIElementTypeApplication[@name="Passwords"]/XCUIElementTypeWindow[1]/XCUIElementTypeOther/XCUIElementTypeOther/XCUIElementTypeOther/XCUIElementTypeOther/XCUIElementTypeTable/XCUIElementTypeCell[1]'</msg>
<status status="PASS" starttime="20210419 22:45:58.711" endtime="20210419 22:45:59.610"></status>
</kw>
<kw name="Input Text" library="AppiumLibrary">
<doc>Types the given `text` into text field identified by `locator`.</doc>
<arguments>
<arg>${username-input-field}</arg>
<arg>robotcool</arg>
</arguments>
<msg timestamp="20210419 22:45:59.612" level="INFO">Typing text 'robotcool' into text field 'xpath=//XCUIElementTypeApplication[@name="Passwords"]/XCUIElementTypeWindow[1]/XCUIElementTypeOther/XCUIElementTypeOther/XCUIElementTypeOther/XCUIElementTypeOther/XCUIElementTypeTable/XCUIElementTypeCell[2]/XCUIElementTypeOther[1]/XCUIElementTypeOther'</msg>
<status status="PASS" starttime="20210419 22:45:59.611" endtime="20210419 22:46:00.978"></status>
</kw>
<kw name="Input Text" library="AppiumLibrary">
<doc>Types the given `text` into text field identified by `locator`.</doc>
<arguments>
<arg>${PASSWORD-INPUT-FIELD}</arg>
<arg>123456</arg>
</arguments>
<msg timestamp="20210419 22:46:00.980" level="INFO">Typing text '123456' into text field 'xpath=//XCUIElementTypeApplication[@name="Passwords"]/XCUIElementTypeWindow[1]/XCUIElementTypeOther/XCUIElementTypeOther/XCUIElementTypeOther/XCUIElementTypeOther/XCUIElementTypeTable/XCUIElementTypeCell[3]'</msg>
<status status="PASS" starttime="20210419 22:46:00.978" endtime="20210419 22:46:02.339"></status>
</kw>
<kw name="Page Should Contain Element" library="AppiumLibrary">
<doc>Verifies that current page contains `locator` element.</doc>
<arguments>
<arg>${save-button}</arg>
</arguments>
<msg timestamp="20210419 22:46:03.051" level="INFO">Current page contains element 'xpath=//XCUIElementTypeButton[@name="Save"]'.</msg>
<status status="PASS" starttime="20210419 22:46:02.340" endtime="20210419 22:46:03.051"></status>
</kw>
<kw name="Click Element" library="AppiumLibrary">
<doc>Click element identified by `locator`.</doc>
<arguments>
<arg>${save-button}</arg>
</arguments>
<msg timestamp="20210419 22:46:03.052" level="INFO">Clicking element 'xpath=//XCUIElementTypeButton[@name="Save"]'.</msg>
<status status="PASS" starttime="20210419 22:46:03.051" endtime="20210419 22:46:03.889"></status>
</kw>
<status status="PASS" starttime="20210419 22:45:57.383" endtime="20210419 22:46:03.889" critical="yes"></status>
</test>
<test id="s1-t4" name="Suite Teardown">
<kw name="Close Application" library="AppiumLibrary">
<doc>Closes the current application and also close webdriver session.</doc>
<status status="PASS" starttime="20210419 22:46:03.890" endtime="20210419 22:46:04.920"></status>
</kw>
<status status="PASS" starttime="20210419 22:46:03.889" endtime="20210419 22:46:04.921" critical="yes"></status>
</test>
<status status="PASS" starttime="20210419 22:45:43.624" endtime="20210419 22:46:04.923"></status>
</suite>
<statistics>
<total>
<stat pass="4" fail="0">Critical Tests</stat>
<stat pass="4" fail="0">All Tests</stat>
</total>
<tag>
</tag>
<suite>
<stat pass="4" fail="0" id="s1" name="AddNewEventTest">AddNewEventTest</stat>
</suite>
</statistics>
<errors>
</errors>
</robot>
